10:50:20 INFO  : Launching XSCT server: xsct -n  -interactive /scratch/643_vitis_wkrska/chiajenc_eglim_wkrska_lab3/temp_xsdb_launch_script.tcl
10:50:20 INFO  : Registering command handlers for Vitis TCF services
10:50:21 INFO  : Platform repository initialization has completed.
10:50:24 INFO  : XSCT server has started successfully.
10:50:24 INFO  : Successfully done setting XSCT server connection channel  
10:50:24 INFO  : plnx-install-location is set to ''
10:50:24 INFO  : Successfully done query RDI_DATADIR 
10:50:24 INFO  : Successfully done setting workspace for the tool. 
16:06:17 INFO  : Launching XSCT server: xsct -n  -interactive /scratch/643_vitis_chiajenc/chiajenc_eglim_wkrska_lab3/temp_xsdb_launch_script.tcl
16:06:18 INFO  : Registering command handlers for Vitis TCF services
16:06:19 INFO  : Platform repository initialization has completed.
16:06:22 INFO  : XSCT server has started successfully.
16:06:24 INFO  : plnx-install-location is set to ''
16:06:24 INFO  : Successfully done setting XSCT server connection channel  
16:06:24 INFO  : Successfully done query RDI_DATADIR 
16:06:24 INFO  : Successfully done setting workspace for the tool. 
16:46:03 INFO  : Build configuration of 'cnn_system_hw_link' is updated to 'Hardware'
16:46:03 INFO  : Build configuration of 'cnn_kernels' is updated to 'Hardware'
16:46:03 INFO  : Build configuration of 'cnn' is updated to 'Hardware'
18:40:13 INFO  : Launching XSCT server: xsct -n  -interactive /scratch/643_vitis_chiajenc/chiajenc_eglim_wkrska_lab3/temp_xsdb_launch_script.tcl
18:40:16 INFO  : Platform repository initialization has completed.
18:40:18 INFO  : Registering command handlers for Vitis TCF services
18:40:18 INFO  : XSCT server has started successfully.
18:40:18 INFO  : Successfully done setting XSCT server connection channel  
18:40:19 INFO  : plnx-install-location is set to ''
18:40:19 INFO  : Successfully done setting workspace for the tool. 
18:40:19 INFO  : Successfully done query RDI_DATADIR 
